{"/Users/yosukehishinuma/Desktop/projects/shopping-list/server.js":{"path":"/Users/yosukehishinuma/Desktop/projects/shopping-list/server.js","s":{"1":1,"2":1,"3":1,"4":1,"5":1,"6":1,"7":1,"8":1,"9":1,"10":1,"11":0,"12":1,"13":1,"14":1,"15":1,"16":1,"17":0,"18":0,"19":0,"20":1,"21":1,"22":1,"23":1,"24":4,"25":4,"26":0,"27":4,"28":1,"29":1,"30":1,"31":0,"32":1,"33":1,"34":1,"35":1,"36":0,"37":1,"38":1,"39":1,"40":1,"41":0,"42":1,"43":1,"44":1},"b":{"1":[0,1],"2":[1,0],"3":[1,0],"4":[0,1],"5":[0,0],"6":[0,4],"7":[0,1],"8":[0,1],"9":[0,1]},"f":{"1":1,"2":1,"3":1,"4":0,"5":4,"6":4,"7":1,"8":1,"9":1,"10":1,"11":1,"12":1,"13":1},"fnMap":{"1":{"name":"(anonymous_1)","line":16,"loc":{"start":{"line":16,"column":16},"end":{"line":16,"column":35}}},"2":{"name":"(anonymous_2)","line":17,"loc":{"start":{"line":17,"column":42},"end":{"line":17,"column":56}}},"3":{"name":"(anonymous_3)","line":22,"loc":{"start":{"line":22,"column":32},"end":{"line":22,"column":43}}},"4":{"name":"(anonymous_4)","line":32,"loc":{"start":{"line":32,"column":14},"end":{"line":32,"column":28}}},"5":{"name":"(anonymous_5)","line":47,"loc":{"start":{"line":47,"column":18},"end":{"line":47,"column":37}}},"6":{"name":"(anonymous_6)","line":48,"loc":{"start":{"line":48,"column":17},"end":{"line":48,"column":38}}},"7":{"name":"(anonymous_7)","line":59,"loc":{"start":{"line":59,"column":19},"end":{"line":59,"column":38}}},"8":{"name":"(anonymous_8)","line":63,"loc":{"start":{"line":63,"column":7},"end":{"line":63,"column":27}}},"9":{"name":"(anonymous_9)","line":73,"loc":{"start":{"line":73,"column":25},"end":{"line":73,"column":44}}},"10":{"name":"(anonymous_10)","line":79,"loc":{"start":{"line":79,"column":8},"end":{"line":79,"column":28}}},"11":{"name":"(anonymous_11)","line":90,"loc":{"start":{"line":90,"column":23},"end":{"line":90,"column":42}}},"12":{"name":"(anonymous_12)","line":96,"loc":{"start":{"line":96,"column":8},"end":{"line":96,"column":28}}},"13":{"name":"(anonymous_13)","line":111,"loc":{"start":{"line":111,"column":13},"end":{"line":111,"column":32}}}},"statementMap":{"1":{"start":{"line":4,"column":0},"end":{"line":4,"column":33}},"2":{"start":{"line":5,"column":0},"end":{"line":5,"column":40}},"3":{"start":{"line":6,"column":0},"end":{"line":6,"column":35}},"4":{"start":{"line":8,"column":0},"end":{"line":8,"column":33}},"5":{"start":{"line":10,"column":0},"end":{"line":10,"column":20}},"6":{"start":{"line":12,"column":0},"end":{"line":12,"column":27}},"7":{"start":{"line":13,"column":0},"end":{"line":13,"column":34}},"8":{"start":{"line":16,"column":0},"end":{"line":29,"column":2}},"9":{"start":{"line":17,"column":4},"end":{"line":28,"column":7}},"10":{"start":{"line":18,"column":8},"end":{"line":20,"column":9}},"11":{"start":{"line":19,"column":12},"end":{"line":19,"column":33}},"12":{"start":{"line":22,"column":8},"end":{"line":27,"column":11}},"13":{"start":{"line":23,"column":12},"end":{"line":23,"column":65}},"14":{"start":{"line":24,"column":12},"end":{"line":26,"column":13}},"15":{"start":{"line":25,"column":16},"end":{"line":25,"column":27}},"16":{"start":{"line":31,"column":0},"end":{"line":37,"column":1}},"17":{"start":{"line":32,"column":4},"end":{"line":36,"column":7}},"18":{"start":{"line":33,"column":8},"end":{"line":35,"column":9}},"19":{"start":{"line":34,"column":12},"end":{"line":34,"column":31}},"20":{"start":{"line":40,"column":0},"end":{"line":40,"column":18}},"21":{"start":{"line":41,"column":0},"end":{"line":41,"column":30}},"22":{"start":{"line":44,"column":0},"end":{"line":44,"column":36}},"23":{"start":{"line":47,"column":0},"end":{"line":56,"column":3}},"24":{"start":{"line":48,"column":4},"end":{"line":55,"column":7}},"25":{"start":{"line":49,"column":8},"end":{"line":53,"column":9}},"26":{"start":{"line":50,"column":12},"end":{"line":52,"column":15}},"27":{"start":{"line":54,"column":8},"end":{"line":54,"column":24}},"28":{"start":{"line":59,"column":0},"end":{"line":71,"column":3}},"29":{"start":{"line":60,"column":4},"end":{"line":70,"column":7}},"30":{"start":{"line":64,"column":8},"end":{"line":68,"column":9}},"31":{"start":{"line":65,"column":12},"end":{"line":67,"column":15}},"32":{"start":{"line":69,"column":8},"end":{"line":69,"column":35}},"33":{"start":{"line":73,"column":0},"end":{"line":87,"column":3}},"34":{"start":{"line":75,"column":3},"end":{"line":86,"column":11}},"35":{"start":{"line":80,"column":12},"end":{"line":84,"column":13}},"36":{"start":{"line":81,"column":16},"end":{"line":83,"column":19}},"37":{"start":{"line":85,"column":12},"end":{"line":85,"column":39}},"38":{"start":{"line":90,"column":0},"end":{"line":107,"column":3}},"39":{"start":{"line":92,"column":3},"end":{"line":106,"column":11}},"40":{"start":{"line":97,"column":12},"end":{"line":103,"column":13}},"41":{"start":{"line":99,"column":16},"end":{"line":102,"column":19}},"42":{"start":{"line":104,"column":12},"end":{"line":104,"column":39}},"43":{"start":{"line":111,"column":0},"end":{"line":115,"column":3}},"44":{"start":{"line":112,"column":4},"end":{"line":114,"column":7}}},"branchMap":{"1":{"line":18,"type":"if","locations":[{"start":{"line":18,"column":8},"end":{"line":18,"column":8}},{"start":{"line":18,"column":8},"end":{"line":18,"column":8}}]},"2":{"line":18,"type":"binary-expr","locations":[{"start":{"line":18,"column":12},"end":{"line":18,"column":15}},{"start":{"line":18,"column":19},"end":{"line":18,"column":27}}]},"3":{"line":24,"type":"if","locations":[{"start":{"line":24,"column":12},"end":{"line":24,"column":12}},{"start":{"line":24,"column":12},"end":{"line":24,"column":12}}]},"4":{"line":31,"type":"if","locations":[{"start":{"line":31,"column":0},"end":{"line":31,"column":0}},{"start":{"line":31,"column":0},"end":{"line":31,"column":0}}]},"5":{"line":33,"type":"if","locations":[{"start":{"line":33,"column":8},"end":{"line":33,"column":8}},{"start":{"line":33,"column":8},"end":{"line":33,"column":8}}]},"6":{"line":49,"type":"if","locations":[{"start":{"line":49,"column":8},"end":{"line":49,"column":8}},{"start":{"line":49,"column":8},"end":{"line":49,"column":8}}]},"7":{"line":64,"type":"if","locations":[{"start":{"line":64,"column":8},"end":{"line":64,"column":8}},{"start":{"line":64,"column":8},"end":{"line":64,"column":8}}]},"8":{"line":80,"type":"if","locations":[{"start":{"line":80,"column":12},"end":{"line":80,"column":12}},{"start":{"line":80,"column":12},"end":{"line":80,"column":12}}]},"9":{"line":97,"type":"if","locations":[{"start":{"line":97,"column":12},"end":{"line":97,"column":12}},{"start":{"line":97,"column":12},"end":{"line":97,"column":12}}]}}},"/Users/yosukehishinuma/Desktop/projects/shopping-list/config.js":{"path":"/Users/yosukehishinuma/Desktop/projects/shopping-list/config.js","s":{"1":1,"2":1},"b":{"1":[1,1,0],"2":[0,0],"3":[1,1]},"f":{},"fnMap":{},"statementMap":{"1":{"start":{"line":1,"column":0},"end":{"line":6,"column":69}},"2":{"start":{"line":8,"column":0},"end":{"line":8,"column":40}}},"branchMap":{"1":{"line":1,"type":"binary-expr","locations":[{"start":{"line":1,"column":23},"end":{"line":1,"column":47}},{"start":{"line":2,"column":23},"end":{"line":2,"column":42}},{"start":{"line":3,"column":24},"end":{"line":6,"column":67}}]},"2":{"line":3,"type":"cond-expr","locations":[{"start":{"line":4,"column":28},"end":{"line":4,"column":92}},{"start":{"line":6,"column":28},"end":{"line":6,"column":67}}]},"3":{"line":8,"type":"binary-expr","locations":[{"start":{"line":8,"column":15},"end":{"line":8,"column":31}},{"start":{"line":8,"column":35},"end":{"line":8,"column":39}}]}}},"/Users/yosukehishinuma/Desktop/projects/shopping-list/models/item.js":{"path":"/Users/yosukehishinuma/Desktop/projects/shopping-list/models/item.js","s":{"1":1,"2":1,"3":1,"4":1},"b":{},"f":{},"fnMap":{},"statementMap":{"1":{"start":{"line":1,"column":0},"end":{"line":1,"column":35}},"2":{"start":{"line":3,"column":0},"end":{"line":5,"column":3}},"3":{"start":{"line":7,"column":0},"end":{"line":7,"column":46}},"4":{"start":{"line":9,"column":0},"end":{"line":9,"column":22}}},"branchMap":{}}}