TN:
SF:/Users/yosukehishinuma/Desktop/projects/shopping-list/server.js
FN:16,(anonymous_1)
FN:17,(anonymous_2)
FN:22,(anonymous_3)
FN:32,(anonymous_4)
FN:47,(anonymous_5)
FN:48,(anonymous_6)
FN:59,(anonymous_7)
FN:63,(anonymous_8)
FN:73,(anonymous_9)
FN:79,(anonymous_10)
FN:90,(anonymous_11)
FN:96,(anonymous_12)
FN:111,(anonymous_13)
FNF:13
FNH:12
FNDA:1,(anonymous_1)
FNDA:1,(anonymous_2)
FNDA:1,(anonymous_3)
FNDA:0,(anonymous_4)
FNDA:4,(anonymous_5)
FNDA:4,(anonymous_6)
FNDA:1,(anonymous_7)
FNDA:1,(anonymous_8)
FNDA:1,(anonymous_9)
FNDA:1,(anonymous_10)
FNDA:1,(anonymous_11)
FNDA:1,(anonymous_12)
FNDA:1,(anonymous_13)
DA:4,1
DA:5,1
DA:6,1
DA:8,1
DA:10,1
DA:12,1
DA:13,1
DA:16,1
DA:17,1
DA:18,1
DA:19,0
DA:22,1
DA:23,1
DA:24,1
DA:25,1
DA:31,1
DA:32,0
DA:33,0
DA:34,0
DA:40,1
DA:41,1
DA:44,1
DA:47,1
DA:48,4
DA:49,4
DA:50,0
DA:54,4
DA:59,1
DA:60,1
DA:64,1
DA:65,0
DA:69,1
DA:73,1
DA:75,1
DA:80,1
DA:81,0
DA:85,1
DA:90,1
DA:92,1
DA:97,1
DA:99,0
DA:104,1
DA:111,1
DA:112,1
LF:44
LH:36
BRDA:18,1,0,0
BRDA:18,1,1,1
BRDA:18,2,0,1
BRDA:18,2,1,0
BRDA:24,3,0,1
BRDA:24,3,1,0
BRDA:31,4,0,0
BRDA:31,4,1,1
BRDA:33,5,0,0
BRDA:33,5,1,0
BRDA:49,6,0,0
BRDA:49,6,1,4
BRDA:64,7,0,0
BRDA:64,7,1,1
BRDA:80,8,0,0
BRDA:80,8,1,1
BRDA:97,9,0,0
BRDA:97,9,1,1
BRF:18
BRH:8
end_of_record
TN:
SF:/Users/yosukehishinuma/Desktop/projects/shopping-list/config.js
FNF:0
FNH:0
DA:1,1
DA:8,1
LF:2
LH:2
BRDA:1,1,0,1
BRDA:1,1,1,1
BRDA:1,1,2,0
BRDA:3,2,0,0
BRDA:3,2,1,0
BRDA:8,3,0,1
BRDA:8,3,1,1
BRF:7
BRH:4
end_of_record
TN:
SF:/Users/yosukehishinuma/Desktop/projects/shopping-list/models/item.js
FNF:0
FNH:0
DA:1,1
DA:3,1
DA:7,1
DA:9,1
LF:4
LH:4
BRF:0
BRH:0
end_of_record
